Info: Starting: Create block symbol file (.bsf)
Info: ip-generate --project-directory="C:/Users/Tullus Hostilus/Desktop/Lab 6 - Create Component/" --output-directory="C:/Users/Tullus Hostilus/Desktop/Lab 6 - Create Component/embedded_system/" --report-file="bsf:C:/Users/Tullus Hostilus/Desktop/Lab 6 - Create Component/embedded_system.bsf" --system-info=DEVICE_FAMILY="Cyclone II" --system-info=DEVICE=EP2C35F672C6 --system-info=DEVICE_SPEEDGRADE=6 --component-file="C:/Users/Tullus Hostilus/Desktop/Lab 6 - Create Component/embedded_system.qsys"
Progress: Loading Lab 6 - Create Component/embedded_system.qsys
Progress: Reading input file
Progress: Adding clk_0 [clock_source 13.0]
Progress: Parameterizing module clk_0
Progress: Adding nios2_qsys_0 [altera_nios2_qsys 13.0]
Progress: Parameterizing module nios2_qsys_0
Progress: Adding onchip_memory2_0 [altera_avalon_onchip_memory2 13.0.1.99.2]
Progress: Parameterizing module onchip_memory2_0
Progress: Adding reg16_avalon_interface_0 [reg16_avalon_interface 1.0]
Progress: Parameterizing module reg16_avalon_interface_0
Progress: Building connections
Progress: Parameterizing connections
Progress: Validating
Progress: Done reading input file
Info: ip-generate succeeded.
Info: Finished: Create block symbol file (.bsf)
Info: 
Info: Starting: Create HDL design files for synthesis
Info: ip-generate --project-directory="C:/Users/Tullus Hostilus/Desktop/Lab 6 - Create Component/" --output-directory="C:/Users/Tullus Hostilus/Desktop/Lab 6 - Create Component/embedded_system/synthesis/" --file-set=QUARTUS_SYNTH --report-file="sopcinfo:C:/Users/Tullus Hostilus/Desktop/Lab 6 - Create Component/embedded_system.sopcinfo" --report-file="html:C:/Users/Tullus Hostilus/Desktop/Lab 6 - Create Component/embedded_system.html" --report-file="qip:C:/Users/Tullus Hostilus/Desktop/Lab 6 - Create Component/embedded_system/synthesis/embedded_system.qip" --report-file="cmp:C:/Users/Tullus Hostilus/Desktop/Lab 6 - Create Component/embedded_system.cmp" --report-file=svd --system-info=DEVICE_FAMILY="Cyclone II" --system-info=DEVICE=EP2C35F672C6 --system-info=DEVICE_SPEEDGRADE=6 --component-file="C:/Users/Tullus Hostilus/Desktop/Lab 6 - Create Component/embedded_system.qsys" --language=VHDL
Progress: Loading Lab 6 - Create Component/embedded_system.qsys
Progress: Reading input file
Progress: Adding clk_0 [clock_source 13.0]
Progress: Parameterizing module clk_0
Progress: Adding nios2_qsys_0 [altera_nios2_qsys 13.0]
Progress: Parameterizing module nios2_qsys_0
Progress: Adding onchip_memory2_0 [altera_avalon_onchip_memory2 13.0.1.99.2]
Progress: Parameterizing module onchip_memory2_0
Progress: Adding reg16_avalon_interface_0 [reg16_avalon_interface 1.0]
Progress: Parameterizing module reg16_avalon_interface_0
Progress: Building connections
Progress: Parameterizing connections
Progress: Validating
Progress: Done reading input file
Info: embedded_system: Generating embedded_system "embedded_system" for QUARTUS_SYNTH
Info: pipeline_bridge_swap_transform: After transform: 4 modules, 13 connections
Info: No custom instruction connections, skipping transform 
Info: merlin_translator_transform: After transform: 9 modules, 32 connections
Info: merlin_domain_transform: After transform: 18 modules, 87 connections
Info: merlin_router_transform: After transform: 23 modules, 106 connections
Info: merlin_burst_transform: After transform: 24 modules, 109 connections
Info: reset_adaptation_transform: After transform: 26 modules, 94 connections
Info: merlin_network_to_switch_transform: After transform: 35 modules, 114 connections
Info: merlin_width_transform: After transform: 37 modules, 120 connections
Info: merlin_mm_transform: After transform: 37 modules, 120 connections
Info: merlin_interrupt_mapper_transform: After transform: 38 modules, 123 connections
Warning: embedded_system: "No matching role found for rst_controller:reset_out:reset_req (reset_req)"
Warning: embedded_system: "No matching role found for rst_controller:reset_out:reset_req (reset_req)"
Warning: embedded_system: "No matching role found for rst_controller:reset_out:reset_req (reset_req)"
Warning: embedded_system: "No matching role found for rst_controller:reset_out:reset_req (reset_req)"
Warning: embedded_system: "No matching role found for rst_controller:reset_out:reset_req (reset_req)"
Warning: embedded_system: "No matching role found for rst_controller:reset_out:reset_req (reset_req)"
Warning: embedded_system: "No matching role found for rst_controller:reset_out:reset_req (reset_req)"
Warning: embedded_system: "No matching role found for rst_controller:reset_out:reset_req (reset_req)"
Warning: embedded_system: "No matching role found for rst_controller:reset_out:reset_req (reset_req)"
Warning: embedded_system: "No matching role found for rst_controller:reset_out:reset_req (reset_req)"
Warning: embedded_system: "No matching role found for rst_controller:reset_out:reset_req (reset_req)"
Warning: embedded_system: "No matching role found for rst_controller:reset_out:reset_req (reset_req)"
Warning: embedded_system: "No matching role found for rst_controller:reset_out:reset_req (reset_req)"
Warning: embedded_system: "No matching role found for rst_controller:reset_out:reset_req (reset_req)"
Warning: embedded_system: "No matching role found for rst_controller:reset_out:reset_req (reset_req)"
Warning: embedded_system: "No matching role found for rst_controller:reset_out:reset_req (reset_req)"
Warning: embedded_system: "No matching role found for rst_controller:reset_out:reset_req (reset_req)"
Warning: embedded_system: "No matching role found for rst_controller:reset_out:reset_req (reset_req)"
Warning: embedded_system: "No matching role found for rst_controller:reset_out:reset_req (reset_req)"
Warning: embedded_system: "No matching role found for rst_controller:reset_out:reset_req (reset_req)"
Warning: embedded_system: "No matching role found for rst_controller:reset_out:reset_req (reset_req)"
Warning: embedded_system: "No matching role found for rst_controller:reset_out:reset_req (reset_req)"
Warning: embedded_system: "No matching role found for rst_controller:reset_out:reset_req (reset_req)"
Warning: embedded_system: "No matching role found for rst_controller:reset_out:reset_req (reset_req)"
Info: nios2_qsys_0: Starting RTL generation for module 'embedded_system_nios2_qsys_0'
Info: nios2_qsys_0:   Generation command is [exec C:/altera/13.0sp1/quartus/../ip/altera/nios2_ip/altera_nios2/eperl.exe -I C:/altera/13.0sp1/quartus/common/ip/altera/common/perl/5.8.3 -I C:/altera/13.0sp1/quartus/sopc_builder/bin/europa -I C:/altera/13.0sp1/quartus/sopc_builder/bin/perl_lib -I C:/altera/13.0sp1/quartus/sopc_builder/bin -I C:/altera/13.0sp1/quartus/../ip/altera/nios2_ip/altera_nios2/cpu_lib -I C:/altera/13.0sp1/quartus/../ip/altera/nios2_ip/altera_nios2/nios_lib -I C:/altera/13.0sp1/quartus/../ip/altera/nios2_ip/altera_nios2 -I C:/altera/13.0sp1/quartus/../ip/altera/nios2_ip/altera_nios2 -- C:/altera/13.0sp1/quartus/../ip/altera/nios2_ip/altera_nios2/generate_rtl.epl --name=embedded_system_nios2_qsys_0 --dir=C:/Users/TULLUS~1/AppData/Local/Temp/alt6392_6549159660566420426.dir/0001_nios2_qsys_0_gen/ --quartus_dir=C:/altera/13.0sp1/quartus --verilog --config=C:/Users/TULLUS~1/AppData/Local/Temp/alt6392_6549159660566420426.dir/0001_nios2_qsys_0_gen//embedded_system_nios2_qsys_0_processor_configuration.pl  --do_build_sim=0    --bogus  ]
Info: nios2_qsys_0: # 2014.11.18 13:00:57 (*) Starting Nios II generation
Info: nios2_qsys_0: # 2014.11.18 13:00:57 (*)   Checking for plaintext license.
Info: nios2_qsys_0: # 2014.11.18 13:00:57 (*)   Couldn't query license setup in Quartus directory C:/altera/13.0sp1/quartus
Info: nios2_qsys_0: # 2014.11.18 13:00:57 (*)   Defaulting to contents of LM_LICENSE_FILE environment variable
Info: nios2_qsys_0: # 2014.11.18 13:00:57 (*)   LM_LICENSE_FILE environment variable is empty
Info: nios2_qsys_0: # 2014.11.18 13:00:57 (*)   Plaintext license not found.
Info: nios2_qsys_0: # 2014.11.18 13:00:57 (*)   No license required to generate encrypted Nios II/e.
Info: nios2_qsys_0: # 2014.11.18 13:00:57 (*)   Elaborating CPU configuration settings
Info: nios2_qsys_0: # 2014.11.18 13:00:58 (*)   Creating all objects for CPU
Info: nios2_qsys_0: # 2014.11.18 13:01:00 (*)   Generating RTL from CPU objects
Info: nios2_qsys_0: # 2014.11.18 13:01:00 (*)   Creating plain-text RTL
Info: nios2_qsys_0: # 2014.11.18 13:01:06 (*) Done Nios II generation
Info: nios2_qsys_0: Done RTL generation for module 'embedded_system_nios2_qsys_0'
Info: nios2_qsys_0: "embedded_system" instantiated altera_nios2_qsys "nios2_qsys_0"
Info: onchip_memory2_0: Starting RTL generation for module 'embedded_system_onchip_memory2_0'
Info: onchip_memory2_0:   Generation command is [exec C:/altera/13.0sp1/quartus/bin/perl/bin/perl.exe -I C:/altera/13.0sp1/quartus/common/ip/altera/common/perl/5.8.3 -I C:/altera/13.0sp1/quartus/sopc_builder/bin/europa -I C:/altera/13.0sp1/quartus/sopc_builder/bin/perl_lib -I C:/altera/13.0sp1/quartus/sopc_builder/bin -I C:/altera/13.0sp1/quartus/../ip/altera/sopc_builder_ip/common -I C:/altera/13.0sp1/quartus/../ip/altera/sopc_builder_ip/altera_avalon_onchip_memory2 -- C:/altera/13.0sp1/quartus/../ip/altera/sopc_builder_ip/altera_avalon_onchip_memory2/generate_rtl.pl --name=embedded_system_onchip_memory2_0 --dir=C:/Users/TULLUS~1/AppData/Local/Temp/alt6392_6549159660566420426.dir/0002_onchip_memory2_0_gen/ --quartus_dir=C:/altera/13.0sp1/quartus --verilog --config=C:/Users/TULLUS~1/AppData/Local/Temp/alt6392_6549159660566420426.dir/0002_onchip_memory2_0_gen//embedded_system_onchip_memory2_0_component_configuration.pl  --do_build_sim=0  ]
Info: onchip_memory2_0: Done RTL generation for module 'embedded_system_onchip_memory2_0'
Info: onchip_memory2_0: "embedded_system" instantiated altera_avalon_onchip_memory2 "onchip_memory2_0"
Info: reg16_avalon_interface_0: "embedded_system" instantiated reg16_avalon_interface "reg16_avalon_interface_0"
Info: nios2_qsys_0_instruction_master_translator: "embedded_system" instantiated altera_merlin_master_translator "nios2_qsys_0_instruction_master_translator"
Info: nios2_qsys_0_jtag_debug_module_translator: "embedded_system" instantiated altera_merlin_slave_translator "nios2_qsys_0_jtag_debug_module_translator"
Info: nios2_qsys_0_instruction_master_translator_avalon_universal_master_0_agent: "embedded_system" instantiated altera_merlin_master_agent "nios2_qsys_0_instruction_master_translator_avalon_universal_master_0_agent"
Info: nios2_qsys_0_jtag_debug_module_translator_avalon_universal_slave_0_agent: "embedded_system" instantiated altera_merlin_slave_agent "nios2_qsys_0_jtag_debug_module_translator_avalon_universal_slave_0_agent"
Info: nios2_qsys_0_jtag_debug_module_translator_avalon_universal_slave_0_agent_rsp_fifo: "embedded_system" instantiated altera_avalon_sc_fifo "nios2_qsys_0_jtag_debug_module_translator_avalon_universal_slave_0_agent_rsp_fifo"
Info: addr_router: "embedded_system" instantiated altera_merlin_router "addr_router"
Info: addr_router_001: "embedded_system" instantiated altera_merlin_router "addr_router_001"
Info: id_router: "embedded_system" instantiated altera_merlin_router "id_router"
Info: id_router_002: "embedded_system" instantiated altera_merlin_router "id_router_002"
Info: burst_adapter: "embedded_system" instantiated altera_merlin_burst_adapter "burst_adapter"
Info: rst_controller: "embedded_system" instantiated altera_reset_controller "rst_controller"
Info: cmd_xbar_demux: "embedded_system" instantiated altera_merlin_demultiplexer "cmd_xbar_demux"
Info: cmd_xbar_demux_001: "embedded_system" instantiated altera_merlin_demultiplexer "cmd_xbar_demux_001"
Info: cmd_xbar_mux: "embedded_system" instantiated altera_merlin_multiplexer "cmd_xbar_mux"
Info: rsp_xbar_demux_002: "embedded_system" instantiated altera_merlin_demultiplexer "rsp_xbar_demux_002"
Info: rsp_xbar_mux: "embedded_system" instantiated altera_merlin_multiplexer "rsp_xbar_mux"
Info: Reusing file C:/Users/Tullus Hostilus/Desktop/Lab 6 - Create Component/embedded_system/synthesis/submodules/altera_merlin_arbitrator.sv
Info: rsp_xbar_mux_001: "embedded_system" instantiated altera_merlin_multiplexer "rsp_xbar_mux_001"
Info: Reusing file C:/Users/Tullus Hostilus/Desktop/Lab 6 - Create Component/embedded_system/synthesis/submodules/altera_merlin_arbitrator.sv
Info: width_adapter: "embedded_system" instantiated altera_merlin_width_adapter "width_adapter"
Info: Reusing file C:/Users/Tullus Hostilus/Desktop/Lab 6 - Create Component/embedded_system/synthesis/submodules/altera_merlin_address_alignment.sv
Info: Reusing file C:/Users/Tullus Hostilus/Desktop/Lab 6 - Create Component/embedded_system/synthesis/submodules/altera_merlin_burst_uncompressor.sv
Info: irq_mapper: "embedded_system" instantiated altera_irq_mapper "irq_mapper"
Info: embedded_system: Done embedded_system" with 23 modules, 96 files, 1848879 bytes
Info: ip-generate succeeded.
Info: Finished: Create HDL design files for synthesis
