Flow report for component_tutorial
Tue Nov 18 13:22:25 2014
Quartus II 32-bit Version 13.0.1 Build 232 06/12/2013 Service Pack 1 SJ Web Edition


---------------------
; Table of Contents ;
---------------------
  1. Legal Notice
  2. Flow Summary
  3. Flow Settings
  4. Flow Non-Default Global Settings
  5. Flow Elapsed Time
  6. Flow OS Summary
  7. Flow Log
  8. Flow Messages
  9. Flow Suppressed Messages



----------------
; Legal Notice ;
----------------
Copyright (C) 1991-2013 Altera Corporation
Your use of Altera Corporation's design tools, logic functions 
and other software and tools, and its AMPP partner logic 
functions, and any output files from any of the foregoing 
(including device programming or simulation files), and any 
associated documentation or information are expressly subject 
to the terms and conditions of the Altera Program License 
Subscription Agreement, Altera MegaCore Function License 
Agreement, or other applicable license agreement, including, 
without limitation, that your use is for the sole purpose of 
programming logic devices manufactured by Altera and sold by 
Altera or its authorized distributors.  Please refer to the 
applicable agreement for further details.



+--------------------------------------------------------------------------------------+
; Flow Summary                                                                         ;
+------------------------------------+-------------------------------------------------+
; Flow Status                        ; Successful - Tue Nov 18 13:22:22 2014           ;
; Quartus II 32-bit Version          ; 13.0.1 Build 232 06/12/2013 SP 1 SJ Web Edition ;
; Revision Name                      ; component_tutorial                              ;
; Top-level Entity Name              ; component_tutorial                              ;
; Family                             ; Cyclone II                                      ;
; Device                             ; EP2C35F672C6                                    ;
; Timing Models                      ; Final                                           ;
; Total logic elements               ; 1,469 / 33,216 ( 4 % )                          ;
;     Total combinational functions  ; 1,400 / 33,216 ( 4 % )                          ;
;     Dedicated logic registers      ; 807 / 33,216 ( 2 % )                            ;
; Total registers                    ; 807                                             ;
; Total pins                         ; 30 / 475 ( 6 % )                                ;
; Total virtual pins                 ; 0                                               ;
; Total memory bits                  ; 43,008 / 483,840 ( 9 % )                        ;
; Embedded Multiplier 9-bit elements ; 0 / 70 ( 0 % )                                  ;
; Total PLLs                         ; 0 / 4 ( 0 % )                                   ;
+------------------------------------+-------------------------------------------------+


+-----------------------------------------+
; Flow Settings                           ;
+-------------------+---------------------+
; Option            ; Setting             ;
+-------------------+---------------------+
; Start date & time ; 11/18/2014 13:21:42 ;
; Main task         ; Compilation         ;
; Revision Name     ; component_tutorial  ;
+-------------------+---------------------+


+---------------------------------------------------------------------------------------------------------------------------------------------------------------------------+
; Flow Non-Default Global Settings                                                                                                                                          ;
+-------------------------------------+-------------------------------------------------------------------+---------------+------------------------------------+------------+
; Assignment Name                     ; Value                                                             ; Default Value ; Entity Name                        ; Section Id ;
+-------------------------------------+-------------------------------------------------------------------+---------------+------------------------------------+------------+
; COMPILER_SIGNATURE_ID               ; 157819069201.141634570104904                                      ; --            ; --                                 ; --         ;
; IP_TOOL_ENV                         ; Qsys                                                              ; --            ; altera_avalon_sc_fifo              ; --         ;
; IP_TOOL_ENV                         ; Qsys                                                              ; --            ; altera_merlin_burst_adapter        ; --         ;
; IP_TOOL_ENV                         ; Qsys                                                              ; --            ; altera_merlin_master_agent         ; --         ;
; IP_TOOL_ENV                         ; Qsys                                                              ; --            ; altera_merlin_master_translator    ; --         ;
; IP_TOOL_ENV                         ; Qsys                                                              ; --            ; altera_merlin_slave_agent          ; --         ;
; IP_TOOL_ENV                         ; Qsys                                                              ; --            ; altera_merlin_slave_translator     ; --         ;
; IP_TOOL_ENV                         ; Qsys                                                              ; --            ; altera_merlin_width_adapter        ; --         ;
; IP_TOOL_ENV                         ; Qsys                                                              ; --            ; altera_reset_controller            ; --         ;
; IP_TOOL_ENV                         ; Qsys                                                              ; --            ; embedded_system                    ; --         ;
; IP_TOOL_ENV                         ; Qsys                                                              ; --            ; embedded_system_addr_router        ; --         ;
; IP_TOOL_ENV                         ; Qsys                                                              ; --            ; embedded_system_addr_router_001    ; --         ;
; IP_TOOL_ENV                         ; Qsys                                                              ; --            ; embedded_system_cmd_xbar_demux     ; --         ;
; IP_TOOL_ENV                         ; Qsys                                                              ; --            ; embedded_system_cmd_xbar_demux_001 ; --         ;
; IP_TOOL_ENV                         ; Qsys                                                              ; --            ; embedded_system_cmd_xbar_mux       ; --         ;
; IP_TOOL_ENV                         ; Qsys                                                              ; --            ; embedded_system_id_router          ; --         ;
; IP_TOOL_ENV                         ; Qsys                                                              ; --            ; embedded_system_id_router_002      ; --         ;
; IP_TOOL_ENV                         ; Qsys                                                              ; --            ; embedded_system_irq_mapper         ; --         ;
; IP_TOOL_ENV                         ; Qsys                                                              ; --            ; embedded_system_nios2_qsys_0       ; --         ;
; IP_TOOL_ENV                         ; Qsys                                                              ; --            ; embedded_system_onchip_memory2_0   ; --         ;
; IP_TOOL_ENV                         ; Qsys                                                              ; --            ; embedded_system_rsp_xbar_demux_002 ; --         ;
; IP_TOOL_ENV                         ; Qsys                                                              ; --            ; embedded_system_rsp_xbar_mux       ; --         ;
; IP_TOOL_ENV                         ; Qsys                                                              ; --            ; embedded_system_rsp_xbar_mux_001   ; --         ;
; IP_TOOL_NAME                        ; altera_avalon_sc_fifo                                             ; --            ; altera_avalon_sc_fifo              ; --         ;
; IP_TOOL_NAME                        ; altera_merlin_burst_adapter                                       ; --            ; altera_merlin_burst_adapter        ; --         ;
; IP_TOOL_NAME                        ; altera_merlin_master_agent                                        ; --            ; altera_merlin_master_agent         ; --         ;
; IP_TOOL_NAME                        ; altera_merlin_master_translator                                   ; --            ; altera_merlin_master_translator    ; --         ;
; IP_TOOL_NAME                        ; altera_merlin_slave_agent                                         ; --            ; altera_merlin_slave_agent          ; --         ;
; IP_TOOL_NAME                        ; altera_merlin_slave_translator                                    ; --            ; altera_merlin_slave_translator     ; --         ;
; IP_TOOL_NAME                        ; altera_merlin_width_adapter                                       ; --            ; altera_merlin_width_adapter        ; --         ;
; IP_TOOL_NAME                        ; altera_reset_controller                                           ; --            ; altera_reset_controller            ; --         ;
; IP_TOOL_NAME                        ; Qsys                                                              ; --            ; embedded_system                    ; --         ;
; IP_TOOL_NAME                        ; altera_merlin_router                                              ; --            ; embedded_system_addr_router        ; --         ;
; IP_TOOL_NAME                        ; altera_merlin_router                                              ; --            ; embedded_system_addr_router_001    ; --         ;
; IP_TOOL_NAME                        ; altera_merlin_demultiplexer                                       ; --            ; embedded_system_cmd_xbar_demux     ; --         ;
; IP_TOOL_NAME                        ; altera_merlin_demultiplexer                                       ; --            ; embedded_system_cmd_xbar_demux_001 ; --         ;
; IP_TOOL_NAME                        ; altera_merlin_multiplexer                                         ; --            ; embedded_system_cmd_xbar_mux       ; --         ;
; IP_TOOL_NAME                        ; altera_merlin_router                                              ; --            ; embedded_system_id_router          ; --         ;
; IP_TOOL_NAME                        ; altera_merlin_router                                              ; --            ; embedded_system_id_router_002      ; --         ;
; IP_TOOL_NAME                        ; altera_irq_mapper                                                 ; --            ; embedded_system_irq_mapper         ; --         ;
; IP_TOOL_NAME                        ; altera_nios2_qsys                                                 ; --            ; embedded_system_nios2_qsys_0       ; --         ;
; IP_TOOL_NAME                        ; altera_avalon_onchip_memory2                                      ; --            ; embedded_system_onchip_memory2_0   ; --         ;
; IP_TOOL_NAME                        ; altera_merlin_demultiplexer                                       ; --            ; embedded_system_rsp_xbar_demux_002 ; --         ;
; IP_TOOL_NAME                        ; altera_merlin_multiplexer                                         ; --            ; embedded_system_rsp_xbar_mux       ; --         ;
; IP_TOOL_NAME                        ; altera_merlin_multiplexer                                         ; --            ; embedded_system_rsp_xbar_mux_001   ; --         ;
; IP_TOOL_VERSION                     ; 13.0                                                              ; --            ; altera_avalon_sc_fifo              ; --         ;
; IP_TOOL_VERSION                     ; 13.0                                                              ; --            ; altera_merlin_burst_adapter        ; --         ;
; IP_TOOL_VERSION                     ; 13.0                                                              ; --            ; altera_merlin_master_agent         ; --         ;
; IP_TOOL_VERSION                     ; 13.0                                                              ; --            ; altera_merlin_master_translator    ; --         ;
; IP_TOOL_VERSION                     ; 13.0                                                              ; --            ; altera_merlin_slave_agent          ; --         ;
; IP_TOOL_VERSION                     ; 13.0                                                              ; --            ; altera_merlin_slave_translator     ; --         ;
; IP_TOOL_VERSION                     ; 13.0                                                              ; --            ; altera_merlin_width_adapter        ; --         ;
; IP_TOOL_VERSION                     ; 13.0                                                              ; --            ; altera_reset_controller            ; --         ;
; IP_TOOL_VERSION                     ; 13.0sp1                                                           ; --            ; embedded_system                    ; --         ;
; IP_TOOL_VERSION                     ; 13.0                                                              ; --            ; embedded_system_addr_router        ; --         ;
; IP_TOOL_VERSION                     ; 13.0                                                              ; --            ; embedded_system_addr_router_001    ; --         ;
; IP_TOOL_VERSION                     ; 13.0                                                              ; --            ; embedded_system_cmd_xbar_demux     ; --         ;
; IP_TOOL_VERSION                     ; 13.0                                                              ; --            ; embedded_system_cmd_xbar_demux_001 ; --         ;
; IP_TOOL_VERSION                     ; 13.0                                                              ; --            ; embedded_system_cmd_xbar_mux       ; --         ;
; IP_TOOL_VERSION                     ; 13.0                                                              ; --            ; embedded_system_id_router          ; --         ;
; IP_TOOL_VERSION                     ; 13.0                                                              ; --            ; embedded_system_id_router_002      ; --         ;
; IP_TOOL_VERSION                     ; 13.0                                                              ; --            ; embedded_system_irq_mapper         ; --         ;
; IP_TOOL_VERSION                     ; 13.0                                                              ; --            ; embedded_system_nios2_qsys_0       ; --         ;
; IP_TOOL_VERSION                     ; 13.0.1.99.2                                                       ; --            ; embedded_system_onchip_memory2_0   ; --         ;
; IP_TOOL_VERSION                     ; 13.0                                                              ; --            ; embedded_system_rsp_xbar_demux_002 ; --         ;
; IP_TOOL_VERSION                     ; 13.0                                                              ; --            ; embedded_system_rsp_xbar_mux       ; --         ;
; IP_TOOL_VERSION                     ; 13.0                                                              ; --            ; embedded_system_rsp_xbar_mux_001   ; --         ;
; MAX_CORE_JUNCTION_TEMP              ; 85                                                                ; --            ; --                                 ; --         ;
; MIN_CORE_JUNCTION_TEMP              ; 0                                                                 ; --            ; --                                 ; --         ;
; MISC_FILE                           ; embedded_system/synthesis/../../embedded_system.cmp               ; --            ; --                                 ; --         ;
; MISC_FILE                           ; embedded_system/synthesis/../../embedded_system.qsys              ; --            ; --                                 ; --         ;
; PARTITION_COLOR                     ; 16764057                                                          ; --            ; --                                 ; Top        ;
; PARTITION_FITTER_PRESERVATION_LEVEL ; PLACEMENT_AND_ROUTING                                             ; --            ; --                                 ; Top        ;
; PARTITION_NETLIST_TYPE              ; SOURCE                                                            ; --            ; --                                 ; Top        ;
; POWER_BOARD_THERMAL_MODEL           ; None (CONSERVATIVE)                                               ; --            ; --                                 ; --         ;
; POWER_PRESET_COOLING_SOLUTION       ; 23 MM HEAT SINK WITH 200 LFPM AIRFLOW                             ; --            ; --                                 ; --         ;
; PROJECT_OUTPUT_DIRECTORY            ; output_files                                                      ; --            ; --                                 ; --         ;
; SLD_INFO                            ; QSYS_NAME embedded_system HAS_SOPCINFO 1 GENERATION_ID 1416344451 ; --            ; embedded_system                    ; --         ;
; SOPCINFO_FILE                       ; embedded_system/synthesis/../../embedded_system.sopcinfo          ; --            ; --                                 ; --         ;
; SYNTHESIS_ONLY_QIP                  ; On                                                                ; --            ; --                                 ; --         ;
+-------------------------------------+-------------------------------------------------------------------+---------------+------------------------------------+------------+


+-------------------------------------------------------------------------------------------------------------------------------+
; Flow Elapsed Time                                                                                                             ;
+---------------------------+--------------+-------------------------+---------------------+------------------------------------+
; Module Name               ; Elapsed Time ; Average Processors Used ; Peak Virtual Memory ; Total CPU Time (on all processors) ;
+---------------------------+--------------+-------------------------+---------------------+------------------------------------+
; Analysis & Synthesis      ; 00:00:15     ; 1.0                     ; 425 MB              ; 00:00:14                           ;
; Fitter                    ; 00:00:18     ; 1.3                     ; 537 MB              ; 00:00:21                           ;
; Assembler                 ; 00:00:04     ; 1.0                     ; 378 MB              ; 00:00:04                           ;
; TimeQuest Timing Analyzer ; 00:00:02     ; 1.0                     ; 344 MB              ; 00:00:02                           ;
; Total                     ; 00:00:39     ; --                      ; --                  ; 00:00:41                           ;
+---------------------------+--------------+-------------------------+---------------------+------------------------------------+


+----------------------------------------------------------------------------------------+
; Flow OS Summary                                                                        ;
+---------------------------+------------------+-----------+------------+----------------+
; Module Name               ; Machine Hostname ; OS Name   ; OS Version ; Processor type ;
+---------------------------+------------------+-----------+------------+----------------+
; Analysis & Synthesis      ; crclayton-vaio   ; Windows 7 ; 6.1        ; x86_64         ;
; Fitter                    ; crclayton-vaio   ; Windows 7 ; 6.1        ; x86_64         ;
; Assembler                 ; crclayton-vaio   ; Windows 7 ; 6.1        ; x86_64         ;
; TimeQuest Timing Analyzer ; crclayton-vaio   ; Windows 7 ; 6.1        ; x86_64         ;
+---------------------------+------------------+-----------+------------+----------------+


------------
; Flow Log ;
------------
quartus_map --read_settings_files=on --write_settings_files=off component_tutorial -c component_tutorial
quartus_fit --read_settings_files=off --write_settings_files=off component_tutorial -c component_tutorial
quartus_asm --read_settings_files=off --write_settings_files=off component_tutorial -c component_tutorial
quartus_sta component_tutorial -c component_tutorial



